<?xml version="1.0" encoding="UTF-8"?>
<testsuite xmlns:xsi="http://www.w3.org/2001/XMLSchema-instance" xsi:noNamespaceSchemaLocation="https://maven.apache.org/surefire/maven-surefire-plugin/xsd/surefire-test-report.xsd" name="com.leyou.auth.test.JwtTest" time="0.589" tests="6" errors="1" skipped="0" failures="0">
  <properties>
[...]
</properties>
  <testcase name="testRsa" classname="com.leyou.auth.test.JwtTest" time="0.133"/>
  <testcase name="parseToken" classname="com.leyou.auth.test.JwtTest" time="0.291">
    <error message="JWT expired at 2019-10-31T15:59:06Z. Current time: 2019-11-06T13:35:07Z, a difference of 509761876 milliseconds.  Allowed clock skew: 0 milliseconds." type="io.jsonwebtoken.ExpiredJwtException">io.jsonwebtoken.ExpiredJwtException: JWT expired at 2019-10-31T15:59:06Z. Current time: 2019-11-06T13:35:07Z, a difference of 509761876 milliseconds.  Allowed clock skew: 0 milliseconds.
	at com.leyou.auth.test.JwtTest.parseToken(JwtTest.java:48)
</error>
  </testcase>
  <testcase name="parseToken1" classname="com.leyou.auth.test.JwtTest" time="0"/>
  <testcase name="getUserInfo1" classname="com.leyou.auth.test.JwtTest" time="0.001"/>
  <testcase name="generateToken" classname="com.leyou.auth.test.JwtTest" time="0.069"/>
  <testcase name="getUserInfo" classname="com.leyou.auth.test.JwtTest" time="0"/>
</testsuite>